The system is: Darwin - 17.4.0 - x86_64
Compiling the CXX compiler identification source file "CMakeCXXCompilerId.cpp" succeeded.
Compiler: /usr/bin/clang++ 
Build flags: 
Id flags:  

The output was:
0


Compilation of the CXX compiler identification source "CMakeCXXCompilerId.cpp" produced "a.out"

The CXX compiler identification is AppleClang, found in "/Users/jackiekang/Qt/4122FinalProject/build-playerone-Desktop_Qt_5_10_1_clang_64bit-Default/CMakeFiles/3.11.0/CompilerIdCXX/a.out"

Determining if the CXX compiler works passed with the following output:
Change Dir: /Users/jackiekang/Qt/4122FinalProject/build-playerone-Desktop_Qt_5_10_1_clang_64bit-Default/CMakeFiles/CMakeTmp

Run Build Command:"/usr/bin/make" "cmTC_11aa4/fast"
/Applications/Xcode.app/Contents/Developer/usr/bin/make -f CMakeFiles/cmTC_11aa4.dir/build.make CMakeFiles/cmTC_11aa4.dir/build
Building CXX object CMakeFiles/cmTC_11aa4.dir/testCXXCompiler.cxx.o
/usr/bin/clang++     -o CMakeFiles/cmTC_11aa4.dir/testCXXCompiler.cxx.o -c /Users/jackiekang/Qt/4122FinalProject/build-playerone-Desktop_Qt_5_10_1_clang_64bit-Default/CMakeFiles/CMakeTmp/testCXXCompiler.cxx
Linking CXX executable cmTC_11aa4
/usr/local/Cellar/cmake/3.11.0/bin/cmake -E cmake_link_script CMakeFiles/cmTC_11aa4.dir/link.txt --verbose=1
/usr/bin/clang++    -Wl,-search_paths_first -Wl,-headerpad_max_install_names   CMakeFiles/cmTC_11aa4.dir/testCXXCompiler.cxx.o  -o cmTC_11aa4 


Detecting CXX compiler ABI info compiled with the following output:
Change Dir: /Users/jackiekang/Qt/4122FinalProject/build-playerone-Desktop_Qt_5_10_1_clang_64bit-Default/CMakeFiles/CMakeTmp

Run Build Command:"/usr/bin/make" "cmTC_6b0a8/fast"
/Applications/Xcode.app/Contents/Developer/usr/bin/make -f CMakeFiles/cmTC_6b0a8.dir/build.make CMakeFiles/cmTC_6b0a8.dir/build
Building CXX object CMakeFiles/cmTC_6b0a8.dir/CMakeCXXCompilerABI.cpp.o
/usr/bin/clang++     -o CMakeFiles/cmTC_6b0a8.dir/CMakeCXXCompilerABI.cpp.o -c /usr/local/Cellar/cmake/3.11.0/share/cmake/Modules/CMakeCXXCompilerABI.cpp
Linking CXX executable cmTC_6b0a8
/usr/local/Cellar/cmake/3.11.0/bin/cmake -E cmake_link_script CMakeFiles/cmTC_6b0a8.dir/link.txt --verbose=1
/usr/bin/clang++    -Wl,-search_paths_first -Wl,-headerpad_max_install_names  -v -Wl,-v CMakeFiles/cmTC_6b0a8.dir/CMakeCXXCompilerABI.cpp.o  -o cmTC_6b0a8 
Apple LLVM version 9.0.0 (clang-900.0.39.2)
Target: x86_64-apple-darwin17.4.0
Thread model: posix
InstalledDir: /Applications/Xcode.app/Contents/Developer/Toolchains/XcodeDefault.xctoolchain/usr/bin
 "/Applications/Xcode.app/Contents/Developer/Toolchains/XcodeDefault.xctoolchain/usr/bin/ld" -demangle -lto_library /Applications/Xcode.app/Contents/Developer/Toolchains/XcodeDefault.xctoolchain/usr/lib/libLTO.dylib -dynamic -arch x86_64 -macosx_version_min 10.13.0 -o cmTC_6b0a8 -search_paths_first -headerpad_max_install_names -v CMakeFiles/cmTC_6b0a8.dir/CMakeCXXCompilerABI.cpp.o -lc++ -lSystem /Applications/Xcode.app/Contents/Developer/Toolchains/XcodeDefault.xctoolchain/usr/lib/clang/9.0.0/lib/darwin/libclang_rt.osx.a
@(#)PROGRAM:ld  PROJECT:ld64-305
configured to support archs: armv6 armv7 armv7s arm64 i386 x86_64 x86_64h armv6m armv7k armv7m armv7em (tvOS)
Library search paths:
	/usr/lib
	/usr/local/lib
Framework search paths:
	/Library/Frameworks/
	/System/Library/Frameworks/


Parsed CXX implicit link information from above output:
  link line regex: [^( *|.*[/\])(ld|CMAKE_LINK_STARTFILE-NOTFOUND|([^/\]+-)?ld|collect2)[^/\]*( |$)]
  ignore line: [Change Dir: /Users/jackiekang/Qt/4122FinalProject/build-playerone-Desktop_Qt_5_10_1_clang_64bit-Default/CMakeFiles/CMakeTmp]
  ignore line: []
  ignore line: [Run Build Command:"/usr/bin/make" "cmTC_6b0a8/fast"]
  ignore line: [/Applications/Xcode.app/Contents/Developer/usr/bin/make -f CMakeFiles/cmTC_6b0a8.dir/build.make CMakeFiles/cmTC_6b0a8.dir/build]
  ignore line: [Building CXX object CMakeFiles/cmTC_6b0a8.dir/CMakeCXXCompilerABI.cpp.o]
  ignore line: [/usr/bin/clang++     -o CMakeFiles/cmTC_6b0a8.dir/CMakeCXXCompilerABI.cpp.o -c /usr/local/Cellar/cmake/3.11.0/share/cmake/Modules/CMakeCXXCompilerABI.cpp]
  ignore line: [Linking CXX executable cmTC_6b0a8]
  ignore line: [/usr/local/Cellar/cmake/3.11.0/bin/cmake -E cmake_link_script CMakeFiles/cmTC_6b0a8.dir/link.txt --verbose=1]
  ignore line: [/usr/bin/clang++    -Wl,-search_paths_first -Wl,-headerpad_max_install_names  -v -Wl,-v CMakeFiles/cmTC_6b0a8.dir/CMakeCXXCompilerABI.cpp.o  -o cmTC_6b0a8 ]
  ignore line: [Apple LLVM version 9.0.0 (clang-900.0.39.2)]
  ignore line: [Target: x86_64-apple-darwin17.4.0]
  ignore line: [Thread model: posix]
  ignore line: [InstalledDir: /Applications/Xcode.app/Contents/Developer/Toolchains/XcodeDefault.xctoolchain/usr/bin]
  link line: [ "/Applications/Xcode.app/Contents/Developer/Toolchains/XcodeDefault.xctoolchain/usr/bin/ld" -demangle -lto_library /Applications/Xcode.app/Contents/Developer/Toolchains/XcodeDefault.xctoolchain/usr/lib/libLTO.dylib -dynamic -arch x86_64 -macosx_version_min 10.13.0 -o cmTC_6b0a8 -search_paths_first -headerpad_max_install_names -v CMakeFiles/cmTC_6b0a8.dir/CMakeCXXCompilerABI.cpp.o -lc++ -lSystem /Applications/Xcode.app/Contents/Developer/Toolchains/XcodeDefault.xctoolchain/usr/lib/clang/9.0.0/lib/darwin/libclang_rt.osx.a]
    arg [/Applications/Xcode.app/Contents/Developer/Toolchains/XcodeDefault.xctoolchain/usr/bin/ld] ==> ignore
    arg [-demangle] ==> ignore
    arg [-lto_library] ==> ignore, skip following value
    arg [/Applications/Xcode.app/Contents/Developer/Toolchains/XcodeDefault.xctoolchain/usr/lib/libLTO.dylib] ==> skip value of -lto_library
    arg [-dynamic] ==> ignore
    arg [-arch] ==> ignore
    arg [x86_64] ==> ignore
    arg [-macosx_version_min] ==> ignore
    arg [10.13.0] ==> ignore
    arg [-o] ==> ignore
    arg [cmTC_6b0a8] ==> ignore
    arg [-search_paths_first] ==> ignore
    arg [-headerpad_max_install_names] ==> ignore
    arg [-v] ==> ignore
    arg [CMakeFiles/cmTC_6b0a8.dir/CMakeCXXCompilerABI.cpp.o] ==> ignore
    arg [-lc++] ==> lib [c++]
    arg [-lSystem] ==> lib [System]
    arg [/Applications/Xcode.app/Contents/Developer/Toolchains/XcodeDefault.xctoolchain/usr/lib/clang/9.0.0/lib/darwin/libclang_rt.osx.a] ==> lib [/Applications/Xcode.app/Contents/Developer/Toolchains/XcodeDefault.xctoolchain/usr/lib/clang/9.0.0/lib/darwin/libclang_rt.osx.a]
  Library search paths: [;/usr/lib;/usr/local/lib]
  Framework search paths: [;/Library/Frameworks/;/System/Library/Frameworks/]
  remove lib [System]
  remove lib [/Applications/Xcode.app/Contents/Developer/Toolchains/XcodeDefault.xctoolchain/usr/lib/clang/9.0.0/lib/darwin/libclang_rt.osx.a]
  collapse library dir [/usr/lib] ==> [/usr/lib]
  collapse library dir [/usr/local/lib] ==> [/usr/local/lib]
  collapse framework dir [/Library/Frameworks/] ==> [/Library/Frameworks]
  collapse framework dir [/System/Library/Frameworks/] ==> [/System/Library/Frameworks]
  implicit libs: [c++]
  implicit dirs: [/usr/lib;/usr/local/lib]
  implicit fwks: [/Library/Frameworks;/System/Library/Frameworks]




Detecting CXX [-std=c++1z] compiler features compiled with the following output:
Change Dir: /Users/jackiekang/Qt/4122FinalProject/build-playerone-Desktop_Qt_5_10_1_clang_64bit-Default/CMakeFiles/CMakeTmp

Run Build Command:"/usr/bin/make" "cmTC_f6db5/fast"
/Applications/Xcode.app/Contents/Developer/usr/bin/make -f CMakeFiles/cmTC_f6db5.dir/build.make CMakeFiles/cmTC_f6db5.dir/build
Building CXX object CMakeFiles/cmTC_f6db5.dir/feature_tests.cxx.o
/usr/bin/clang++    -std=c++1z -o CMakeFiles/cmTC_f6db5.dir/feature_tests.cxx.o -c /Users/jackiekang/Qt/4122FinalProject/build-playerone-Desktop_Qt_5_10_1_clang_64bit-Default/CMakeFiles/feature_tests.cxx
Linking CXX executable cmTC_f6db5
/usr/local/Cellar/cmake/3.11.0/bin/cmake -E cmake_link_script CMakeFiles/cmTC_f6db5.dir/link.txt --verbose=1
/usr/bin/clang++    -Wl,-search_paths_first -Wl,-headerpad_max_install_names   CMakeFiles/cmTC_f6db5.dir/feature_tests.cxx.o  -o cmTC_f6db5 


    Feature record: CXX_FEATURE:1cxx_aggregate_default_initializers
    Feature record: CXX_FEATURE:1cxx_alias_templates
    Feature record: CXX_FEATURE:1cxx_alignas
    Feature record: CXX_FEATURE:1cxx_alignof
    Feature record: CXX_FEATURE:1cxx_attributes
    Feature record: CXX_FEATURE:1cxx_attribute_deprecated
    Feature record: CXX_FEATURE:1cxx_auto_type
    Feature record: CXX_FEATURE:1cxx_binary_literals
    Feature record: CXX_FEATURE:1cxx_constexpr
    Feature record: CXX_FEATURE:1cxx_contextual_conversions
    Feature record: CXX_FEATURE:1cxx_decltype
    Feature record: CXX_FEATURE:1cxx_decltype_auto
    Feature record: CXX_FEATURE:1cxx_decltype_incomplete_return_types
    Feature record: CXX_FEATURE:1cxx_default_function_template_args
    Feature record: CXX_FEATURE:1cxx_defaulted_functions
    Feature record: CXX_FEATURE:1cxx_defaulted_move_initializers
    Feature record: CXX_FEATURE:1cxx_delegating_constructors
    Feature record: CXX_FEATURE:1cxx_deleted_functions
    Feature record: CXX_FEATURE:1cxx_digit_separators
    Feature record: CXX_FEATURE:1cxx_enum_forward_declarations
    Feature record: CXX_FEATURE:1cxx_explicit_conversions
    Feature record: CXX_FEATURE:1cxx_extended_friend_declarations
    Feature record: CXX_FEATURE:1cxx_extern_templates
    Feature record: CXX_FEATURE:1cxx_final
    Feature record: CXX_FEATURE:1cxx_func_identifier
    Feature record: CXX_FEATURE:1cxx_generalized_initializers
    Feature record: CXX_FEATURE:1cxx_generic_lambdas
    Feature record: CXX_FEATURE:1cxx_inheriting_constructors
    Feature record: CXX_FEATURE:1cxx_inline_namespaces
    Feature record: CXX_FEATURE:1cxx_lambdas
    Feature record: CXX_FEATURE:1cxx_lambda_init_captures
    Feature record: CXX_FEATURE:1cxx_local_type_template_args
    Feature record: CXX_FEATURE:1cxx_long_long_type
    Feature record: CXX_FEATURE:1cxx_noexcept
    Feature record: CXX_FEATURE:1cxx_nonstatic_member_init
    Feature record: CXX_FEATURE:1cxx_nullptr
    Feature record: CXX_FEATURE:1cxx_override
    Feature record: CXX_FEATURE:1cxx_range_for
    Feature record: CXX_FEATURE:1cxx_raw_string_literals
    Feature record: CXX_FEATURE:1cxx_reference_qualified_functions
    Feature record: CXX_FEATURE:1cxx_relaxed_constexpr
    Feature record: CXX_FEATURE:1cxx_return_type_deduction
    Feature record: CXX_FEATURE:1cxx_right_angle_brackets
    Feature record: CXX_FEATURE:1cxx_rvalue_references
    Feature record: CXX_FEATURE:1cxx_sizeof_member
    Feature record: CXX_FEATURE:1cxx_static_assert
    Feature record: CXX_FEATURE:1cxx_strong_enums
    Feature record: CXX_FEATURE:1cxx_template_template_parameters
    Feature record: CXX_FEATURE:1cxx_thread_local
    Feature record: CXX_FEATURE:1cxx_trailing_return_types
    Feature record: CXX_FEATURE:1cxx_unicode_literals
    Feature record: CXX_FEATURE:1cxx_uniform_initialization
    Feature record: CXX_FEATURE:1cxx_unrestricted_unions
    Feature record: CXX_FEATURE:1cxx_user_literals
    Feature record: CXX_FEATURE:1cxx_variable_templates
    Feature record: CXX_FEATURE:1cxx_variadic_macros
    Feature record: CXX_FEATURE:1cxx_variadic_templates


Detecting CXX [-std=c++14] compiler features compiled with the following output:
Change Dir: /Users/jackiekang/Qt/4122FinalProject/build-playerone-Desktop_Qt_5_10_1_clang_64bit-Default/CMakeFiles/CMakeTmp

Run Build Command:"/usr/bin/make" "cmTC_59917/fast"
/Applications/Xcode.app/Contents/Developer/usr/bin/make -f CMakeFiles/cmTC_59917.dir/build.make CMakeFiles/cmTC_59917.dir/build
Building CXX object CMakeFiles/cmTC_59917.dir/feature_tests.cxx.o
/usr/bin/clang++    -std=c++14 -o CMakeFiles/cmTC_59917.dir/feature_tests.cxx.o -c /Users/jackiekang/Qt/4122FinalProject/build-playerone-Desktop_Qt_5_10_1_clang_64bit-Default/CMakeFiles/feature_tests.cxx
Linking CXX executable cmTC_59917
/usr/local/Cellar/cmake/3.11.0/bin/cmake -E cmake_link_script CMakeFiles/cmTC_59917.dir/link.txt --verbose=1
/usr/bin/clang++    -Wl,-search_paths_first -Wl,-headerpad_max_install_names   CMakeFiles/cmTC_59917.dir/feature_tests.cxx.o  -o cmTC_59917 


    Feature record: CXX_FEATURE:1cxx_aggregate_default_initializers
    Feature record: CXX_FEATURE:1cxx_alias_templates
    Feature record: CXX_FEATURE:1cxx_alignas
    Feature record: CXX_FEATURE:1cxx_alignof
    Feature record: CXX_FEATURE:1cxx_attributes
    Feature record: CXX_FEATURE:1cxx_attribute_deprecated
    Feature record: CXX_FEATURE:1cxx_auto_type
    Feature record: CXX_FEATURE:1cxx_binary_literals
    Feature record: CXX_FEATURE:1cxx_constexpr
    Feature record: CXX_FEATURE:1cxx_contextual_conversions
    Feature record: CXX_FEATURE:1cxx_decltype
    Feature record: CXX_FEATURE:1cxx_decltype_auto
    Feature record: CXX_FEATURE:1cxx_decltype_incomplete_return_types
    Feature record: CXX_FEATURE:1cxx_default_function_template_args
    Feature record: CXX_FEATURE:1cxx_defaulted_functions
    Feature record: CXX_FEATURE:1cxx_defaulted_move_initializers
    Feature record: CXX_FEATURE:1cxx_delegating_constructors
    Feature record: CXX_FEATURE:1cxx_deleted_functions
    Feature record: CXX_FEATURE:1cxx_digit_separators
    Feature record: CXX_FEATURE:1cxx_enum_forward_declarations
    Feature record: CXX_FEATURE:1cxx_explicit_conversions
    Feature record: CXX_FEATURE:1cxx_extended_friend_declarations
    Feature record: CXX_FEATURE:1cxx_extern_templates
    Feature record: CXX_FEATURE:1cxx_final
    Feature record: CXX_FEATURE:1cxx_func_identifier
    Feature record: CXX_FEATURE:1cxx_generalized_initializers
    Feature record: CXX_FEATURE:1cxx_generic_lambdas
    Feature record: CXX_FEATURE:1cxx_inheriting_constructors
    Feature record: CXX_FEATURE:1cxx_inline_namespaces
    Feature record: CXX_FEATURE:1cxx_lambdas
    Feature record: CXX_FEATURE:1cxx_lambda_init_captures
    Feature record: CXX_FEATURE:1cxx_local_type_template_args
    Feature record: CXX_FEATURE:1cxx_long_long_type
    Feature record: CXX_FEATURE:1cxx_noexcept
    Feature record: CXX_FEATURE:1cxx_nonstatic_member_init
    Feature record: CXX_FEATURE:1cxx_nullptr
    Feature record: CXX_FEATURE:1cxx_override
    Feature record: CXX_FEATURE:1cxx_range_for
    Feature record: CXX_FEATURE:1cxx_raw_string_literals
    Feature record: CXX_FEATURE:1cxx_reference_qualified_functions
    Feature record: CXX_FEATURE:1cxx_relaxed_constexpr
    Feature record: CXX_FEATURE:1cxx_return_type_deduction
    Feature record: CXX_FEATURE:1cxx_right_angle_brackets
    Feature record: CXX_FEATURE:1cxx_rvalue_references
    Feature record: CXX_FEATURE:1cxx_sizeof_member
    Feature record: CXX_FEATURE:1cxx_static_assert
    Feature record: CXX_FEATURE:1cxx_strong_enums
    Feature record: CXX_FEATURE:1cxx_template_template_parameters
    Feature record: CXX_FEATURE:1cxx_thread_local
    Feature record: CXX_FEATURE:1cxx_trailing_return_types
    Feature record: CXX_FEATURE:1cxx_unicode_literals
    Feature record: CXX_FEATURE:1cxx_uniform_initialization
    Feature record: CXX_FEATURE:1cxx_unrestricted_unions
    Feature record: CXX_FEATURE:1cxx_user_literals
    Feature record: CXX_FEATURE:1cxx_variable_templates
    Feature record: CXX_FEATURE:1cxx_variadic_macros
    Feature record: CXX_FEATURE:1cxx_variadic_templates


Detecting CXX [-std=c++11] compiler features compiled with the following output:
Change Dir: /Users/jackiekang/Qt/4122FinalProject/build-playerone-Desktop_Qt_5_10_1_clang_64bit-Default/CMakeFiles/CMakeTmp

Run Build Command:"/usr/bin/make" "cmTC_24160/fast"
/Applications/Xcode.app/Contents/Developer/usr/bin/make -f CMakeFiles/cmTC_24160.dir/build.make CMakeFiles/cmTC_24160.dir/build
Building CXX object CMakeFiles/cmTC_24160.dir/feature_tests.cxx.o
/usr/bin/clang++    -std=c++11 -o CMakeFiles/cmTC_24160.dir/feature_tests.cxx.o -c /Users/jackiekang/Qt/4122FinalProject/build-playerone-Desktop_Qt_5_10_1_clang_64bit-Default/CMakeFiles/feature_tests.cxx
Linking CXX executable cmTC_24160
/usr/local/Cellar/cmake/3.11.0/bin/cmake -E cmake_link_script CMakeFiles/cmTC_24160.dir/link.txt --verbose=1
/usr/bin/clang++    -Wl,-search_paths_first -Wl,-headerpad_max_install_names   CMakeFiles/cmTC_24160.dir/feature_tests.cxx.o  -o cmTC_24160 


    Feature record: CXX_FEATURE:0cxx_aggregate_default_initializers
    Feature record: CXX_FEATURE:1cxx_alias_templates
    Feature record: CXX_FEATURE:1cxx_alignas
    Feature record: CXX_FEATURE:1cxx_alignof
    Feature record: CXX_FEATURE:1cxx_attributes
    Feature record: CXX_FEATURE:0cxx_attribute_deprecated
    Feature record: CXX_FEATURE:1cxx_auto_type
    Feature record: CXX_FEATURE:0cxx_binary_literals
    Feature record: CXX_FEATURE:1cxx_constexpr
    Feature record: CXX_FEATURE:0cxx_contextual_conversions
    Feature record: CXX_FEATURE:1cxx_decltype
    Feature record: CXX_FEATURE:0cxx_decltype_auto
    Feature record: CXX_FEATURE:1cxx_decltype_incomplete_return_types
    Feature record: CXX_FEATURE:1cxx_default_function_template_args
    Feature record: CXX_FEATURE:1cxx_defaulted_functions
    Feature record: CXX_FEATURE:1cxx_defaulted_move_initializers
    Feature record: CXX_FEATURE:1cxx_delegating_constructors
    Feature record: CXX_FEATURE:1cxx_deleted_functions
    Feature record: CXX_FEATURE:0cxx_digit_separators
    Feature record: CXX_FEATURE:1cxx_enum_forward_declarations
    Feature record: CXX_FEATURE:1cxx_explicit_conversions
    Feature record: CXX_FEATURE:1cxx_extended_friend_declarations
    Feature record: CXX_FEATURE:1cxx_extern_templates
    Feature record: CXX_FEATURE:1cxx_final
    Feature record: CXX_FEATURE:1cxx_func_identifier
    Feature record: CXX_FEATURE:1cxx_generalized_initializers
    Feature record: CXX_FEATURE:0cxx_generic_lambdas
    Feature record: CXX_FEATURE:1cxx_inheriting_constructors
    Feature record: CXX_FEATURE:1cxx_inline_namespaces
    Feature record: CXX_FEATURE:1cxx_lambdas
    Feature record: CXX_FEATURE:0cxx_lambda_init_captures
    Feature record: CXX_FEATURE:1cxx_local_type_template_args
    Feature record: CXX_FEATURE:1cxx_long_long_type
    Feature record: CXX_FEATURE:1cxx_noexcept
    Feature record: CXX_FEATURE:1cxx_nonstatic_member_init
    Feature record: CXX_FEATURE:1cxx_nullptr
    Feature record: CXX_FEATURE:1cxx_override
    Feature record: CXX_FEATURE:1cxx_range_for
    Feature record: CXX_FEATURE:1cxx_raw_string_literals
    Feature record: CXX_FEATURE:1cxx_reference_qualified_functions
    Feature record: CXX_FEATURE:0cxx_relaxed_constexpr
    Feature record: CXX_FEATURE:0cxx_return_type_deduction
    Feature record: CXX_FEATURE:1cxx_right_angle_brackets
    Feature record: CXX_FEATURE:1cxx_rvalue_references
    Feature record: CXX_FEATURE:1cxx_sizeof_member
    Feature record: CXX_FEATURE:1cxx_static_assert
    Feature record: CXX_FEATURE:1cxx_strong_enums
    Feature record: CXX_FEATURE:1cxx_template_template_parameters
    Feature record: CXX_FEATURE:1cxx_thread_local
    Feature record: CXX_FEATURE:1cxx_trailing_return_types
    Feature record: CXX_FEATURE:1cxx_unicode_literals
    Feature record: CXX_FEATURE:1cxx_uniform_initialization
    Feature record: CXX_FEATURE:1cxx_unrestricted_unions
    Feature record: CXX_FEATURE:1cxx_user_literals
    Feature record: CXX_FEATURE:0cxx_variable_templates
    Feature record: CXX_FEATURE:1cxx_variadic_macros
    Feature record: CXX_FEATURE:1cxx_variadic_templates


Detecting CXX [-std=c++98] compiler features compiled with the following output:
Change Dir: /Users/jackiekang/Qt/4122FinalProject/build-playerone-Desktop_Qt_5_10_1_clang_64bit-Default/CMakeFiles/CMakeTmp

Run Build Command:"/usr/bin/make" "cmTC_9f377/fast"
/Applications/Xcode.app/Contents/Developer/usr/bin/make -f CMakeFiles/cmTC_9f377.dir/build.make CMakeFiles/cmTC_9f377.dir/build
Building CXX object CMakeFiles/cmTC_9f377.dir/feature_tests.cxx.o
/usr/bin/clang++    -std=c++98 -o CMakeFiles/cmTC_9f377.dir/feature_tests.cxx.o -c /Users/jackiekang/Qt/4122FinalProject/build-playerone-Desktop_Qt_5_10_1_clang_64bit-Default/CMakeFiles/feature_tests.cxx
Linking CXX executable cmTC_9f377
/usr/local/Cellar/cmake/3.11.0/bin/cmake -E cmake_link_script CMakeFiles/cmTC_9f377.dir/link.txt --verbose=1
/usr/bin/clang++    -Wl,-search_paths_first -Wl,-headerpad_max_install_names   CMakeFiles/cmTC_9f377.dir/feature_tests.cxx.o  -o cmTC_9f377 


    Feature record: CXX_FEATURE:0cxx_aggregate_default_initializers
    Feature record: CXX_FEATURE:0cxx_alias_templates
    Feature record: CXX_FEATURE:0cxx_alignas
    Feature record: CXX_FEATURE:0cxx_alignof
    Feature record: CXX_FEATURE:0cxx_attributes
    Feature record: CXX_FEATURE:0cxx_attribute_deprecated
    Feature record: CXX_FEATURE:0cxx_auto_type
    Feature record: CXX_FEATURE:0cxx_binary_literals
    Feature record: CXX_FEATURE:0cxx_constexpr
    Feature record: CXX_FEATURE:0cxx_contextual_conversions
    Feature record: CXX_FEATURE:0cxx_decltype
    Feature record: CXX_FEATURE:0cxx_decltype_auto
    Feature record: CXX_FEATURE:0cxx_decltype_incomplete_return_types
    Feature record: CXX_FEATURE:0cxx_default_function_template_args
    Feature record: CXX_FEATURE:0cxx_defaulted_functions
    Feature record: CXX_FEATURE:0cxx_defaulted_move_initializers
    Feature record: CXX_FEATURE:0cxx_delegating_constructors
    Feature record: CXX_FEATURE:0cxx_deleted_functions
    Feature record: CXX_FEATURE:0cxx_digit_separators
    Feature record: CXX_FEATURE:0cxx_enum_forward_declarations
    Feature record: CXX_FEATURE:0cxx_explicit_conversions
    Feature record: CXX_FEATURE:0cxx_extended_friend_declarations
    Feature record: CXX_FEATURE:0cxx_extern_templates
    Feature record: CXX_FEATURE:0cxx_final
    Feature record: CXX_FEATURE:0cxx_func_identifier
    Feature record: CXX_FEATURE:0cxx_generalized_initializers
    Feature record: CXX_FEATURE:0cxx_generic_lambdas
    Feature record: CXX_FEATURE:0cxx_inheriting_constructors
    Feature record: CXX_FEATURE:0cxx_inline_namespaces
    Feature record: CXX_FEATURE:0cxx_lambdas
    Feature record: CXX_FEATURE:0cxx_lambda_init_captures
    Feature record: CXX_FEATURE:0cxx_local_type_template_args
    Feature record: CXX_FEATURE:0cxx_long_long_type
    Feature record: CXX_FEATURE:0cxx_noexcept
    Feature record: CXX_FEATURE:0cxx_nonstatic_member_init
    Feature record: CXX_FEATURE:0cxx_nullptr
    Feature record: CXX_FEATURE:0cxx_override
    Feature record: CXX_FEATURE:0cxx_range_for
    Feature record: CXX_FEATURE:0cxx_raw_string_literals
    Feature record: CXX_FEATURE:0cxx_reference_qualified_functions
    Feature record: CXX_FEATURE:0cxx_relaxed_constexpr
    Feature record: CXX_FEATURE:0cxx_return_type_deduction
    Feature record: CXX_FEATURE:0cxx_right_angle_brackets
    Feature record: CXX_FEATURE:0cxx_rvalue_references
    Feature record: CXX_FEATURE:0cxx_sizeof_member
    Feature record: CXX_FEATURE:0cxx_static_assert
    Feature record: CXX_FEATURE:0cxx_strong_enums
    Feature record: CXX_FEATURE:1cxx_template_template_parameters
    Feature record: CXX_FEATURE:0cxx_thread_local
    Feature record: CXX_FEATURE:0cxx_trailing_return_types
    Feature record: CXX_FEATURE:0cxx_unicode_literals
    Feature record: CXX_FEATURE:0cxx_uniform_initialization
    Feature record: CXX_FEATURE:0cxx_unrestricted_unions
    Feature record: CXX_FEATURE:0cxx_user_literals
    Feature record: CXX_FEATURE:0cxx_variable_templates
    Feature record: CXX_FEATURE:0cxx_variadic_macros
    Feature record: CXX_FEATURE:0cxx_variadic_templates
Compiling the C compiler identification source file "CMakeCCompilerId.c" succeeded.
Compiler: /usr/bin/gcc 
Build flags: 
Id flags:  

The output was:
0


Compilation of the C compiler identification source "CMakeCCompilerId.c" produced "a.out"

The C compiler identification is AppleClang, found in "/Users/jackiekang/Qt/4122FinalProject/build-playerone-Desktop_Qt_5_10_1_clang_64bit-Default/CMakeFiles/3.11.0/CompilerIdC/a.out"

Determining if the C compiler works passed with the following output:
Change Dir: /Users/jackiekang/Qt/4122FinalProject/build-playerone-Desktop_Qt_5_10_1_clang_64bit-Default/CMakeFiles/CMakeTmp

Run Build Command:"/usr/bin/make" "cmTC_668a1/fast"
/Applications/Xcode.app/Contents/Developer/usr/bin/make -f CMakeFiles/cmTC_668a1.dir/build.make CMakeFiles/cmTC_668a1.dir/build
Building C object CMakeFiles/cmTC_668a1.dir/testCCompiler.c.o
/usr/bin/gcc    -o CMakeFiles/cmTC_668a1.dir/testCCompiler.c.o   -c /Users/jackiekang/Qt/4122FinalProject/build-playerone-Desktop_Qt_5_10_1_clang_64bit-Default/CMakeFiles/CMakeTmp/testCCompiler.c
Linking C executable cmTC_668a1
/usr/local/Cellar/cmake/3.11.0/bin/cmake -E cmake_link_script CMakeFiles/cmTC_668a1.dir/link.txt --verbose=1
/usr/bin/gcc   -Wl,-search_paths_first -Wl,-headerpad_max_install_names   CMakeFiles/cmTC_668a1.dir/testCCompiler.c.o  -o cmTC_668a1 


Detecting C compiler ABI info compiled with the following output:
Change Dir: /Users/jackiekang/Qt/4122FinalProject/build-playerone-Desktop_Qt_5_10_1_clang_64bit-Default/CMakeFiles/CMakeTmp

Run Build Command:"/usr/bin/make" "cmTC_e4eec/fast"
/Applications/Xcode.app/Contents/Developer/usr/bin/make -f CMakeFiles/cmTC_e4eec.dir/build.make CMakeFiles/cmTC_e4eec.dir/build
Building C object CMakeFiles/cmTC_e4eec.dir/CMakeCCompilerABI.c.o
/usr/bin/gcc    -o CMakeFiles/cmTC_e4eec.dir/CMakeCCompilerABI.c.o   -c /usr/local/Cellar/cmake/3.11.0/share/cmake/Modules/CMakeCCompilerABI.c
Linking C executable cmTC_e4eec
/usr/local/Cellar/cmake/3.11.0/bin/cmake -E cmake_link_script CMakeFiles/cmTC_e4eec.dir/link.txt --verbose=1
/usr/bin/gcc   -Wl,-search_paths_first -Wl,-headerpad_max_install_names  -v -Wl,-v CMakeFiles/cmTC_e4eec.dir/CMakeCCompilerABI.c.o  -o cmTC_e4eec 
Apple LLVM version 9.0.0 (clang-900.0.39.2)
Target: x86_64-apple-darwin17.4.0
Thread model: posix
InstalledDir: /Applications/Xcode.app/Contents/Developer/Toolchains/XcodeDefault.xctoolchain/usr/bin
 "/Applications/Xcode.app/Contents/Developer/Toolchains/XcodeDefault.xctoolchain/usr/bin/ld" -demangle -lto_library /Applications/Xcode.app/Contents/Developer/Toolchains/XcodeDefault.xctoolchain/usr/lib/libLTO.dylib -dynamic -arch x86_64 -macosx_version_min 10.13.0 -o cmTC_e4eec -search_paths_first -headerpad_max_install_names -v CMakeFiles/cmTC_e4eec.dir/CMakeCCompilerABI.c.o -lSystem /Applications/Xcode.app/Contents/Developer/Toolchains/XcodeDefault.xctoolchain/usr/lib/clang/9.0.0/lib/darwin/libclang_rt.osx.a
@(#)PROGRAM:ld  PROJECT:ld64-305
configured to support archs: armv6 armv7 armv7s arm64 i386 x86_64 x86_64h armv6m armv7k armv7m armv7em (tvOS)
Library search paths:
	/usr/lib
	/usr/local/lib
Framework search paths:
	/Library/Frameworks/
	/System/Library/Frameworks/


Parsed C implicit link information from above output:
  link line regex: [^( *|.*[/\])(ld|CMAKE_LINK_STARTFILE-NOTFOUND|([^/\]+-)?ld|collect2)[^/\]*( |$)]
  ignore line: [Change Dir: /Users/jackiekang/Qt/4122FinalProject/build-playerone-Desktop_Qt_5_10_1_clang_64bit-Default/CMakeFiles/CMakeTmp]
  ignore line: []
  ignore line: [Run Build Command:"/usr/bin/make" "cmTC_e4eec/fast"]
  ignore line: [/Applications/Xcode.app/Contents/Developer/usr/bin/make -f CMakeFiles/cmTC_e4eec.dir/build.make CMakeFiles/cmTC_e4eec.dir/build]
  ignore line: [Building C object CMakeFiles/cmTC_e4eec.dir/CMakeCCompilerABI.c.o]
  ignore line: [/usr/bin/gcc    -o CMakeFiles/cmTC_e4eec.dir/CMakeCCompilerABI.c.o   -c /usr/local/Cellar/cmake/3.11.0/share/cmake/Modules/CMakeCCompilerABI.c]
  ignore line: [Linking C executable cmTC_e4eec]
  ignore line: [/usr/local/Cellar/cmake/3.11.0/bin/cmake -E cmake_link_script CMakeFiles/cmTC_e4eec.dir/link.txt --verbose=1]
  ignore line: [/usr/bin/gcc   -Wl,-search_paths_first -Wl,-headerpad_max_install_names  -v -Wl,-v CMakeFiles/cmTC_e4eec.dir/CMakeCCompilerABI.c.o  -o cmTC_e4eec ]
  ignore line: [Apple LLVM version 9.0.0 (clang-900.0.39.2)]
  ignore line: [Target: x86_64-apple-darwin17.4.0]
  ignore line: [Thread model: posix]
  ignore line: [InstalledDir: /Applications/Xcode.app/Contents/Developer/Toolchains/XcodeDefault.xctoolchain/usr/bin]
  link line: [ "/Applications/Xcode.app/Contents/Developer/Toolchains/XcodeDefault.xctoolchain/usr/bin/ld" -demangle -lto_library /Applications/Xcode.app/Contents/Developer/Toolchains/XcodeDefault.xctoolchain/usr/lib/libLTO.dylib -dynamic -arch x86_64 -macosx_version_min 10.13.0 -o cmTC_e4eec -search_paths_first -headerpad_max_install_names -v CMakeFiles/cmTC_e4eec.dir/CMakeCCompilerABI.c.o -lSystem /Applications/Xcode.app/Contents/Developer/Toolchains/XcodeDefault.xctoolchain/usr/lib/clang/9.0.0/lib/darwin/libclang_rt.osx.a]
    arg [/Applications/Xcode.app/Contents/Developer/Toolchains/XcodeDefault.xctoolchain/usr/bin/ld] ==> ignore
    arg [-demangle] ==> ignore
    arg [-lto_library] ==> ignore, skip following value
    arg [/Applications/Xcode.app/Contents/Developer/Toolchains/XcodeDefault.xctoolchain/usr/lib/libLTO.dylib] ==> skip value of -lto_library
    arg [-dynamic] ==> ignore
    arg [-arch] ==> ignore
    arg [x86_64] ==> ignore
    arg [-macosx_version_min] ==> ignore
    arg [10.13.0] ==> ignore
    arg [-o] ==> ignore
    arg [cmTC_e4eec] ==> ignore
    arg [-search_paths_first] ==> ignore
    arg [-headerpad_max_install_names] ==> ignore
    arg [-v] ==> ignore
    arg [CMakeFiles/cmTC_e4eec.dir/CMakeCCompilerABI.c.o] ==> ignore
    arg [-lSystem] ==> lib [System]
    arg [/Applications/Xcode.app/Contents/Developer/Toolchains/XcodeDefault.xctoolchain/usr/lib/clang/9.0.0/lib/darwin/libclang_rt.osx.a] ==> lib [/Applications/Xcode.app/Contents/Developer/Toolchains/XcodeDefault.xctoolchain/usr/lib/clang/9.0.0/lib/darwin/libclang_rt.osx.a]
  Library search paths: [;/usr/lib;/usr/local/lib]
  Framework search paths: [;/Library/Frameworks/;/System/Library/Frameworks/]
  remove lib [System]
  remove lib [/Applications/Xcode.app/Contents/Developer/Toolchains/XcodeDefault.xctoolchain/usr/lib/clang/9.0.0/lib/darwin/libclang_rt.osx.a]
  collapse library dir [/usr/lib] ==> [/usr/lib]
  collapse library dir [/usr/local/lib] ==> [/usr/local/lib]
  collapse framework dir [/Library/Frameworks/] ==> [/Library/Frameworks]
  collapse framework dir [/System/Library/Frameworks/] ==> [/System/Library/Frameworks]
  implicit libs: []
  implicit dirs: [/usr/lib;/usr/local/lib]
  implicit fwks: [/Library/Frameworks;/System/Library/Frameworks]




Detecting C [-std=c11] compiler features compiled with the following output:
Change Dir: /Users/jackiekang/Qt/4122FinalProject/build-playerone-Desktop_Qt_5_10_1_clang_64bit-Default/CMakeFiles/CMakeTmp

Run Build Command:"/usr/bin/make" "cmTC_b095a/fast"
/Applications/Xcode.app/Contents/Developer/usr/bin/make -f CMakeFiles/cmTC_b095a.dir/build.make CMakeFiles/cmTC_b095a.dir/build
Building C object CMakeFiles/cmTC_b095a.dir/feature_tests.c.o
/usr/bin/gcc   -std=c11 -o CMakeFiles/cmTC_b095a.dir/feature_tests.c.o   -c /Users/jackiekang/Qt/4122FinalProject/build-playerone-Desktop_Qt_5_10_1_clang_64bit-Default/CMakeFiles/feature_tests.c
Linking C executable cmTC_b095a
/usr/local/Cellar/cmake/3.11.0/bin/cmake -E cmake_link_script CMakeFiles/cmTC_b095a.dir/link.txt --verbose=1
/usr/bin/gcc   -Wl,-search_paths_first -Wl,-headerpad_max_install_names   CMakeFiles/cmTC_b095a.dir/feature_tests.c.o  -o cmTC_b095a 


    Feature record: C_FEATURE:1c_function_prototypes
    Feature record: C_FEATURE:1c_restrict
    Feature record: C_FEATURE:1c_static_assert
    Feature record: C_FEATURE:1c_variadic_macros


Detecting C [-std=c99] compiler features compiled with the following output:
Change Dir: /Users/jackiekang/Qt/4122FinalProject/build-playerone-Desktop_Qt_5_10_1_clang_64bit-Default/CMakeFiles/CMakeTmp

Run Build Command:"/usr/bin/make" "cmTC_0ca50/fast"
/Applications/Xcode.app/Contents/Developer/usr/bin/make -f CMakeFiles/cmTC_0ca50.dir/build.make CMakeFiles/cmTC_0ca50.dir/build
Building C object CMakeFiles/cmTC_0ca50.dir/feature_tests.c.o
/usr/bin/gcc   -std=c99 -o CMakeFiles/cmTC_0ca50.dir/feature_tests.c.o   -c /Users/jackiekang/Qt/4122FinalProject/build-playerone-Desktop_Qt_5_10_1_clang_64bit-Default/CMakeFiles/feature_tests.c
Linking C executable cmTC_0ca50
/usr/local/Cellar/cmake/3.11.0/bin/cmake -E cmake_link_script CMakeFiles/cmTC_0ca50.dir/link.txt --verbose=1
/usr/bin/gcc   -Wl,-search_paths_first -Wl,-headerpad_max_install_names   CMakeFiles/cmTC_0ca50.dir/feature_tests.c.o  -o cmTC_0ca50 


    Feature record: C_FEATURE:1c_function_prototypes
    Feature record: C_FEATURE:1c_restrict
    Feature record: C_FEATURE:0c_static_assert
    Feature record: C_FEATURE:1c_variadic_macros


Detecting C [-std=c90] compiler features compiled with the following output:
Change Dir: /Users/jackiekang/Qt/4122FinalProject/build-playerone-Desktop_Qt_5_10_1_clang_64bit-Default/CMakeFiles/CMakeTmp

Run Build Command:"/usr/bin/make" "cmTC_35678/fast"
/Applications/Xcode.app/Contents/Developer/usr/bin/make -f CMakeFiles/cmTC_35678.dir/build.make CMakeFiles/cmTC_35678.dir/build
Building C object CMakeFiles/cmTC_35678.dir/feature_tests.c.o
/usr/bin/gcc   -std=c90 -o CMakeFiles/cmTC_35678.dir/feature_tests.c.o   -c /Users/jackiekang/Qt/4122FinalProject/build-playerone-Desktop_Qt_5_10_1_clang_64bit-Default/CMakeFiles/feature_tests.c
Linking C executable cmTC_35678
/usr/local/Cellar/cmake/3.11.0/bin/cmake -E cmake_link_script CMakeFiles/cmTC_35678.dir/link.txt --verbose=1
/usr/bin/gcc   -Wl,-search_paths_first -Wl,-headerpad_max_install_names   CMakeFiles/cmTC_35678.dir/feature_tests.c.o  -o cmTC_35678 


    Feature record: C_FEATURE:1c_function_prototypes
    Feature record: C_FEATURE:0c_restrict
    Feature record: C_FEATURE:0c_static_assert
    Feature record: C_FEATURE:0c_variadic_macros
